{"C:\\Users\\abrao\\OneDrive\\Desktop\\Web\\prime-oil\\server\\middleware\\auth.js": {"path":"C:\\Users\\abrao\\OneDrive\\Desktop\\Web\\prime-oil\\server\\middleware\\auth.js","statementMap":{"0":{"start":{"line":10,"column":2},"end":{"line":28,"column":3}},"1":{"start":{"line":11,"column":23},"end":{"line":11,"column":48}},"2":{"start":{"line":12,"column":4},"end":{"line":14,"column":5}},"3":{"start":{"line":13,"column":6},"end":{"line":13,"column":69}},"4":{"start":{"line":16,"column":18},"end":{"line":16,"column":42}},"5":{"start":{"line":17,"column":20},"end":{"line":17,"column":38}},"6":{"start":{"line":19,"column":4},"end":{"line":23,"column":6}},"7":{"start":{"line":25,"column":4},"end":{"line":25,"column":11}},"8":{"start":{"line":27,"column":4},"end":{"line":27,"column":67}}},"fnMap":{"0":{"name":"authenticate","decl":{"start":{"line":9,"column":16},"end":{"line":9,"column":28}},"loc":{"start":{"line":9,"column":45},"end":{"line":29,"column":1}},"line":9}},"branchMap":{"0":{"loc":{"start":{"line":12,"column":4},"end":{"line":14,"column":5}},"type":"if","locations":[{"start":{"line":12,"column":4},"end":{"line":14,"column":5}},{"start":{},"end":{}}],"line":12},"1":{"loc":{"start":{"line":12,"column":8},"end":{"line":12,"column":56}},"type":"binary-expr","locations":[{"start":{"line":12,"column":8},"end":{"line":12,"column":19}},{"start":{"line":12,"column":23},"end":{"line":12,"column":56}}],"line":12}},"s":{"0":0,"1":0,"2":0,"3":0,"4":0,"5":0,"6":0,"7":0,"8":0},"f":{"0":0},"b":{"0":[0,0],"1":[0,0]},"inputSourceMap":null,"_coverageSchema":"1a1c01bbd47fc00a2c39e90264f33305004495a9","hash":"8e79056bd7ab1f073a251f16d4c447c197362bd1"}
,"C:\\Users\\abrao\\OneDrive\\Desktop\\Web\\prime-oil\\server\\middleware\\authorize.js": {"path":"C:\\Users\\abrao\\OneDrive\\Desktop\\Web\\prime-oil\\server\\middleware\\authorize.js","statementMap":{"0":{"start":{"line":9,"column":2},"end":{"line":14,"column":4}},"1":{"start":{"line":10,"column":4},"end":{"line":12,"column":5}},"2":{"start":{"line":11,"column":6},"end":{"line":11,"column":40}},"3":{"start":{"line":13,"column":4},"end":{"line":13,"column":11}}},"fnMap":{"0":{"name":"authorize","decl":{"start":{"line":8,"column":16},"end":{"line":8,"column":25}},"loc":{"start":{"line":8,"column":36},"end":{"line":15,"column":1}},"line":8},"1":{"name":"(anonymous_1)","decl":{"start":{"line":9,"column":9},"end":{"line":9,"column":10}},"loc":{"start":{"line":9,"column":29},"end":{"line":14,"column":3}},"line":9}},"branchMap":{"0":{"loc":{"start":{"line":10,"column":4},"end":{"line":12,"column":5}},"type":"if","locations":[{"start":{"line":10,"column":4},"end":{"line":12,"column":5}},{"start":{},"end":{}}],"line":10},"1":{"loc":{"start":{"line":10,"column":8},"end":{"line":10,"column":51}},"type":"binary-expr","locations":[{"start":{"line":10,"column":8},"end":{"line":10,"column":17}},{"start":{"line":10,"column":21},"end":{"line":10,"column":51}}],"line":10}},"s":{"0":84,"1":0,"2":0,"3":0},"f":{"0":84,"1":0},"b":{"0":[0,0],"1":[0,0]},"inputSourceMap":null,"_coverageSchema":"1a1c01bbd47fc00a2c39e90264f33305004495a9","hash":"71304293869c1276fe4c027f96b3d1c0ef4d01fc"}
,"C:\\Users\\abrao\\OneDrive\\Desktop\\Web\\prime-oil\\server\\middleware\\errorHandler.js": {"path":"C:\\Users\\abrao\\OneDrive\\Desktop\\Web\\prime-oil\\server\\middleware\\errorHandler.js","statementMap":{"0":{"start":{"line":5,"column":14},"end":{"line":5,"column":17}},"1":{"start":{"line":8,"column":2},"end":{"line":15,"column":5}},"2":{"start":{"line":20,"column":2},"end":{"line":23,"column":3}},"3":{"start":{"line":21,"column":20},"end":{"line":21,"column":57}},"4":{"start":{"line":22,"column":4},"end":{"line":22,"column":55}},"5":{"start":{"line":26,"column":2},"end":{"line":29,"column":3}},"6":{"start":{"line":27,"column":20},"end":{"line":27,"column":78}},"7":{"start":{"line":27,"column":56},"end":{"line":27,"column":66}},"8":{"start":{"line":28,"column":4},"end":{"line":28,"column":61}},"9":{"start":{"line":32,"column":2},"end":{"line":36,"column":3}},"10":{"start":{"line":33,"column":18},"end":{"line":33,"column":85}},"11":{"start":{"line":34,"column":20},"end":{"line":34,"column":100}},"12":{"start":{"line":35,"column":4},"end":{"line":35,"column":62}},"13":{"start":{"line":39,"column":2},"end":{"line":42,"column":3}},"14":{"start":{"line":40,"column":20},"end":{"line":40,"column":99}},"15":{"start":{"line":40,"column":44},"end":{"line":40,"column":87}},"16":{"start":{"line":41,"column":4},"end":{"line":41,"column":61}},"17":{"start":{"line":45,"column":2},"end":{"line":47,"column":3}},"18":{"start":{"line":46,"column":4},"end":{"line":46,"column":79}},"19":{"start":{"line":50,"column":19},"end":{"line":54,"column":3}},"20":{"start":{"line":57,"column":2},"end":{"line":59,"column":3}},"21":{"start":{"line":58,"column":4},"end":{"line":58,"column":31}},"22":{"start":{"line":61,"column":2},"end":{"line":61,"column":53}}},"fnMap":{"0":{"name":"errorHandler","decl":{"start":{"line":4,"column":16},"end":{"line":4,"column":28}},"loc":{"start":{"line":4,"column":50},"end":{"line":62,"column":1}},"line":4},"1":{"name":"(anonymous_1)","decl":{"start":{"line":27,"column":50},"end":{"line":27,"column":51}},"loc":{"start":{"line":27,"column":56},"end":{"line":27,"column":66}},"line":27},"2":{"name":"(anonymous_2)","decl":{"start":{"line":40,"column":35},"end":{"line":40,"column":36}},"loc":{"start":{"line":40,"column":44},"end":{"line":40,"column":87}},"line":40}},"branchMap":{"0":{"loc":{"start":{"line":9,"column":13},"end":{"line":9,"column":50}},"type":"binary-expr","locations":[{"start":{"line":9,"column":13},"end":{"line":9,"column":24}},{"start":{"line":9,"column":28},"end":{"line":9,"column":50}}],"line":9},"1":{"loc":{"start":{"line":10,"column":16},"end":{"line":10,"column":37}},"type":"binary-expr","locations":[{"start":{"line":10,"column":16},"end":{"line":10,"column":30}},{"start":{"line":10,"column":34},"end":{"line":10,"column":37}}],"line":10},"2":{"loc":{"start":{"line":20,"column":2},"end":{"line":23,"column":3}},"type":"if","locations":[{"start":{"line":20,"column":2},"end":{"line":23,"column":3}},{"start":{},"end":{}}],"line":20},"3":{"loc":{"start":{"line":26,"column":2},"end":{"line":29,"column":3}},"type":"if","locations":[{"start":{"line":26,"column":2},"end":{"line":29,"column":3}},{"start":{},"end":{}}],"line":26},"4":{"loc":{"start":{"line":32,"column":2},"end":{"line":36,"column":3}},"type":"if","locations":[{"start":{"line":32,"column":2},"end":{"line":36,"column":3}},{"start":{},"end":{}}],"line":32},"5":{"loc":{"start":{"line":33,"column":18},"end":{"line":33,"column":85}},"type":"cond-expr","locations":[{"start":{"line":33,"column":31},"end":{"line":33,"column":80}},{"start":{"line":33,"column":83},"end":{"line":33,"column":85}}],"line":33},"6":{"loc":{"start":{"line":33,"column":32},"end":{"line":33,"column":76}},"type":"binary-expr","locations":[{"start":{"line":33,"column":32},"end":{"line":33,"column":68}},{"start":{"line":33,"column":72},"end":{"line":33,"column":76}}],"line":33},"7":{"loc":{"start":{"line":34,"column":46},"end":{"line":34,"column":71}},"type":"binary-expr","locations":[{"start":{"line":34,"column":46},"end":{"line":34,"column":51}},{"start":{"line":34,"column":55},"end":{"line":34,"column":71}}],"line":34},"8":{"loc":{"start":{"line":39,"column":2},"end":{"line":42,"column":3}},"type":"if","locations":[{"start":{"line":39,"column":2},"end":{"line":42,"column":3}},{"start":{},"end":{}}],"line":39},"9":{"loc":{"start":{"line":45,"column":2},"end":{"line":47,"column":3}},"type":"if","locations":[{"start":{"line":45,"column":2},"end":{"line":47,"column":3}},{"start":{},"end":{}}],"line":45},"10":{"loc":{"start":{"line":57,"column":2},"end":{"line":59,"column":3}},"type":"if","locations":[{"start":{"line":57,"column":2},"end":{"line":59,"column":3}},{"start":{},"end":{}}],"line":57},"11":{"loc":{"start":{"line":61,"column":13},"end":{"line":61,"column":36}},"type":"binary-expr","locations":[{"start":{"line":61,"column":13},"end":{"line":61,"column":29}},{"start":{"line":61,"column":33},"end":{"line":61,"column":36}}],"line":61}},"s":{"0":0,"1":0,"2":0,"3":0,"4":0,"5":0,"6":0,"7":0,"8":0,"9":0,"10":0,"11":0,"12":0,"13":0,"14":0,"15":0,"16":0,"17":0,"18":0,"19":0,"20":0,"21":0,"22":0},"f":{"0":0,"1":0,"2":0},"b":{"0":[0,0],"1":[0,0],"2":[0,0],"3":[0,0],"4":[0,0],"5":[0,0],"6":[0,0],"7":[0,0],"8":[0,0],"9":[0,0],"10":[0,0],"11":[0,0]},"inputSourceMap":null,"_coverageSchema":"1a1c01bbd47fc00a2c39e90264f33305004495a9","hash":"74df4ccebb0615358d8dca8a1f439b5df3484d0e"}
,"C:\\Users\\abrao\\OneDrive\\Desktop\\Web\\prime-oil\\server\\middleware\\validate.js": {"path":"C:\\Users\\abrao\\OneDrive\\Desktop\\Web\\prime-oil\\server\\middleware\\validate.js","statementMap":{"0":{"start":{"line":10,"column":2},"end":{"line":36,"column":4}},"1":{"start":{"line":11,"column":4},"end":{"line":35,"column":5}},"2":{"start":{"line":12,"column":21},"end":{"line":12,"column":58}},"3":{"start":{"line":14,"column":6},"end":{"line":24,"column":7}},"4":{"start":{"line":15,"column":23},"end":{"line":18,"column":11}},"5":{"start":{"line":15,"column":55},"end":{"line":18,"column":9}},"6":{"start":{"line":20,"column":8},"end":{"line":23,"column":11}},"7":{"start":{"line":27,"column":6},"end":{"line":27,"column":38}},"8":{"start":{"line":28,"column":6},"end":{"line":28,"column":13}},"9":{"start":{"line":30,"column":6},"end":{"line":30,"column":78}},"10":{"start":{"line":31,"column":6},"end":{"line":34,"column":9}}},"fnMap":{"0":{"name":"validate","decl":{"start":{"line":9,"column":16},"end":{"line":9,"column":24}},"loc":{"start":{"line":9,"column":33},"end":{"line":37,"column":1}},"line":9},"1":{"name":"(anonymous_1)","decl":{"start":{"line":10,"column":9},"end":{"line":10,"column":10}},"loc":{"start":{"line":10,"column":35},"end":{"line":36,"column":3}},"line":10},"2":{"name":"(anonymous_2)","decl":{"start":{"line":15,"column":47},"end":{"line":15,"column":48}},"loc":{"start":{"line":15,"column":55},"end":{"line":18,"column":9}},"line":15}},"branchMap":{"0":{"loc":{"start":{"line":14,"column":6},"end":{"line":24,"column":7}},"type":"if","locations":[{"start":{"line":14,"column":6},"end":{"line":24,"column":7}},{"start":{},"end":{}}],"line":14}},"s":{"0":39,"1":0,"2":0,"3":0,"4":0,"5":0,"6":0,"7":0,"8":0,"9":0,"10":0},"f":{"0":39,"1":0,"2":0},"b":{"0":[0,0]},"inputSourceMap":null,"_coverageSchema":"1a1c01bbd47fc00a2c39e90264f33305004495a9","hash":"8270bea1fe2a0678074ff656c1c118df023fcb0e"}
,"C:\\Users\\abrao\\OneDrive\\Desktop\\Web\\prime-oil\\server\\routes\\auth.js": {"path":"C:\\Users\\abrao\\OneDrive\\Desktop\\Web\\prime-oil\\server\\routes\\auth.js","statementMap":{"0":{"start":{"line":8,"column":15},"end":{"line":8,"column":23}},"1":{"start":{"line":15,"column":0},"end":{"line":118,"column":4}},"2":{"start":{"line":16,"column":39},"end":{"line":16,"column":47}},"3":{"start":{"line":19,"column":2},"end":{"line":67,"column":3}},"4":{"start":{"line":20,"column":23},"end":{"line":20,"column":27}},"5":{"start":{"line":21,"column":26},"end":{"line":21,"column":44}},"6":{"start":{"line":23,"column":4},"end":{"line":34,"column":5}},"7":{"start":{"line":24,"column":6},"end":{"line":28,"column":7}},"8":{"start":{"line":25,"column":8},"end":{"line":25,"column":73}},"9":{"start":{"line":27,"column":8},"end":{"line":27,"column":78}},"10":{"start":{"line":29,"column":11},"end":{"line":34,"column":5}},"11":{"start":{"line":30,"column":25},"end":{"line":30,"column":59}},"12":{"start":{"line":31,"column":6},"end":{"line":31,"column":74}},"13":{"start":{"line":33,"column":6},"end":{"line":33,"column":76}},"14":{"start":{"line":36,"column":26},"end":{"line":36,"column":58}},"15":{"start":{"line":37,"column":17},"end":{"line":37,"column":61}},"16":{"start":{"line":38,"column":4},"end":{"line":40,"column":5}},"17":{"start":{"line":39,"column":6},"end":{"line":39,"column":106}},"18":{"start":{"line":42,"column":4},"end":{"line":44,"column":5}},"19":{"start":{"line":43,"column":6},"end":{"line":43,"column":72}},"20":{"start":{"line":46,"column":20},"end":{"line":50,"column":5}},"21":{"start":{"line":52,"column":42},"end":{"line":52,"column":68}},"22":{"start":{"line":53,"column":4},"end":{"line":53,"column":39}},"23":{"start":{"line":55,"column":4},"end":{"line":66,"column":7}},"24":{"start":{"line":70,"column":2},"end":{"line":115,"column":3}},"25":{"start":{"line":71,"column":4},"end":{"line":73,"column":5}},"26":{"start":{"line":72,"column":6},"end":{"line":72,"column":67}},"27":{"start":{"line":75,"column":17},"end":{"line":75,"column":58}},"28":{"start":{"line":76,"column":4},"end":{"line":78,"column":5}},"29":{"start":{"line":77,"column":6},"end":{"line":77,"column":82}},"30":{"start":{"line":80,"column":4},"end":{"line":82,"column":5}},"31":{"start":{"line":81,"column":6},"end":{"line":81,"column":97}},"32":{"start":{"line":84,"column":26},"end":{"line":84,"column":62}},"33":{"start":{"line":85,"column":4},"end":{"line":88,"column":5}},"34":{"start":{"line":86,"column":6},"end":{"line":86,"column":37}},"35":{"start":{"line":87,"column":6},"end":{"line":87,"column":82}},"36":{"start":{"line":90,"column":4},"end":{"line":92,"column":5}},"37":{"start":{"line":91,"column":6},"end":{"line":91,"column":72}},"38":{"start":{"line":94,"column":20},"end":{"line":98,"column":5}},"39":{"start":{"line":100,"column":42},"end":{"line":100,"column":68}},"40":{"start":{"line":101,"column":4},"end":{"line":101,"column":39}},"41":{"start":{"line":103,"column":4},"end":{"line":114,"column":7}},"42":{"start":{"line":117,"column":2},"end":{"line":117,"column":85}},"43":{"start":{"line":124,"column":0},"end":{"line":153,"column":4}},"44":{"start":{"line":125,"column":27},"end":{"line":125,"column":35}},"45":{"start":{"line":126,"column":2},"end":{"line":128,"column":3}},"46":{"start":{"line":127,"column":4},"end":{"line":127,"column":75}},"47":{"start":{"line":130,"column":2},"end":{"line":152,"column":3}},"48":{"start":{"line":131,"column":20},"end":{"line":131,"column":45}},"49":{"start":{"line":132,"column":17},"end":{"line":132,"column":48}},"50":{"start":{"line":133,"column":4},"end":{"line":135,"column":5}},"51":{"start":{"line":134,"column":6},"end":{"line":134,"column":77}},"52":{"start":{"line":137,"column":20},"end":{"line":141,"column":5}},"53":{"start":{"line":143,"column":24},"end":{"line":143,"column":52}},"54":{"start":{"line":145,"column":4},"end":{"line":148,"column":7}},"55":{"start":{"line":150,"column":4},"end":{"line":150,"column":76}},"56":{"start":{"line":150,"column":66},"end":{"line":150,"column":76}},"57":{"start":{"line":151,"column":4},"end":{"line":151,"column":89}},"58":{"start":{"line":159,"column":0},"end":{"line":214,"column":4}},"59":{"start":{"line":160,"column":66},"end":{"line":160,"column":74}},"60":{"start":{"line":163,"column":2},"end":{"line":165,"column":3}},"61":{"start":{"line":164,"column":4},"end":{"line":164,"column":89}},"62":{"start":{"line":167,"column":2},"end":{"line":169,"column":3}},"63":{"start":{"line":168,"column":4},"end":{"line":168,"column":72}},"64":{"start":{"line":171,"column":2},"end":{"line":173,"column":3}},"65":{"start":{"line":172,"column":4},"end":{"line":172,"column":56}},"66":{"start":{"line":176,"column":23},"end":{"line":176,"column":73}},"67":{"start":{"line":177,"column":2},"end":{"line":179,"column":3}},"68":{"start":{"line":178,"column":4},"end":{"line":178,"column":75}},"69":{"start":{"line":182,"column":18},"end":{"line":190,"column":4}},"70":{"start":{"line":193,"column":18},"end":{"line":197,"column":3}},"71":{"start":{"line":199,"column":40},"end":{"line":199,"column":66}},"72":{"start":{"line":201,"column":2},"end":{"line":213,"column":5}},"73":{"start":{"line":220,"column":0},"end":{"line":225,"column":4}},"74":{"start":{"line":221,"column":2},"end":{"line":224,"column":5}}},"fnMap":{"0":{"name":"(anonymous_0)","decl":{"start":{"line":15,"column":33},"end":{"line":15,"column":34}},"loc":{"start":{"line":15,"column":53},"end":{"line":118,"column":1}},"line":15},"1":{"name":"(anonymous_1)","decl":{"start":{"line":124,"column":35},"end":{"line":124,"column":36}},"loc":{"start":{"line":124,"column":55},"end":{"line":153,"column":1}},"line":124},"2":{"name":"(anonymous_2)","decl":{"start":{"line":159,"column":34},"end":{"line":159,"column":35}},"loc":{"start":{"line":159,"column":54},"end":{"line":214,"column":1}},"line":159},"3":{"name":"(anonymous_3)","decl":{"start":{"line":220,"column":34},"end":{"line":220,"column":35}},"loc":{"start":{"line":220,"column":54},"end":{"line":225,"column":1}},"line":220}},"branchMap":{"0":{"loc":{"start":{"line":19,"column":2},"end":{"line":67,"column":3}},"type":"if","locations":[{"start":{"line":19,"column":2},"end":{"line":67,"column":3}},{"start":{},"end":{}}],"line":19},"1":{"loc":{"start":{"line":23,"column":4},"end":{"line":34,"column":5}},"type":"if","locations":[{"start":{"line":23,"column":4},"end":{"line":34,"column":5}},{"start":{"line":29,"column":11},"end":{"line":34,"column":5}}],"line":23},"2":{"loc":{"start":{"line":29,"column":11},"end":{"line":34,"column":5}},"type":"if","locations":[{"start":{"line":29,"column":11},"end":{"line":34,"column":5}},{"start":{"line":32,"column":11},"end":{"line":34,"column":5}}],"line":29},"3":{"loc":{"start":{"line":29,"column":15},"end":{"line":29,"column":89}},"type":"binary-expr","locations":[{"start":{"line":29,"column":15},"end":{"line":29,"column":52}},{"start":{"line":29,"column":56},"end":{"line":29,"column":89}}],"line":29},"4":{"loc":{"start":{"line":38,"column":4},"end":{"line":40,"column":5}},"type":"if","locations":[{"start":{"line":38,"column":4},"end":{"line":40,"column":5}},{"start":{},"end":{}}],"line":38},"5":{"loc":{"start":{"line":42,"column":4},"end":{"line":44,"column":5}},"type":"if","locations":[{"start":{"line":42,"column":4},"end":{"line":44,"column":5}},{"start":{},"end":{}}],"line":42},"6":{"loc":{"start":{"line":42,"column":8},"end":{"line":42,"column":48}},"type":"binary-expr","locations":[{"start":{"line":42,"column":8},"end":{"line":42,"column":20}},{"start":{"line":42,"column":24},"end":{"line":42,"column":48}}],"line":42},"7":{"loc":{"start":{"line":70,"column":2},"end":{"line":115,"column":3}},"type":"if","locations":[{"start":{"line":70,"column":2},"end":{"line":115,"column":3}},{"start":{},"end":{}}],"line":70},"8":{"loc":{"start":{"line":70,"column":6},"end":{"line":70,"column":23}},"type":"binary-expr","locations":[{"start":{"line":70,"column":6},"end":{"line":70,"column":11}},{"start":{"line":70,"column":15},"end":{"line":70,"column":23}}],"line":70},"9":{"loc":{"start":{"line":71,"column":4},"end":{"line":73,"column":5}},"type":"if","locations":[{"start":{"line":71,"column":4},"end":{"line":73,"column":5}},{"start":{},"end":{}}],"line":71},"10":{"loc":{"start":{"line":71,"column":8},"end":{"line":71,"column":27}},"type":"binary-expr","locations":[{"start":{"line":71,"column":8},"end":{"line":71,"column":14}},{"start":{"line":71,"column":18},"end":{"line":71,"column":27}}],"line":71},"11":{"loc":{"start":{"line":76,"column":4},"end":{"line":78,"column":5}},"type":"if","locations":[{"start":{"line":76,"column":4},"end":{"line":78,"column":5}},{"start":{},"end":{}}],"line":76},"12":{"loc":{"start":{"line":80,"column":4},"end":{"line":82,"column":5}},"type":"if","locations":[{"start":{"line":80,"column":4},"end":{"line":82,"column":5}},{"start":{},"end":{}}],"line":80},"13":{"loc":{"start":{"line":85,"column":4},"end":{"line":88,"column":5}},"type":"if","locations":[{"start":{"line":85,"column":4},"end":{"line":88,"column":5}},{"start":{},"end":{}}],"line":85},"14":{"loc":{"start":{"line":90,"column":4},"end":{"line":92,"column":5}},"type":"if","locations":[{"start":{"line":90,"column":4},"end":{"line":92,"column":5}},{"start":{},"end":{}}],"line":90},"15":{"loc":{"start":{"line":90,"column":8},"end":{"line":90,"column":48}},"type":"binary-expr","locations":[{"start":{"line":90,"column":8},"end":{"line":90,"column":20}},{"start":{"line":90,"column":24},"end":{"line":90,"column":48}}],"line":90},"16":{"loc":{"start":{"line":126,"column":2},"end":{"line":128,"column":3}},"type":"if","locations":[{"start":{"line":126,"column":2},"end":{"line":128,"column":3}},{"start":{},"end":{}}],"line":126},"17":{"loc":{"start":{"line":133,"column":4},"end":{"line":135,"column":5}},"type":"if","locations":[{"start":{"line":133,"column":4},"end":{"line":135,"column":5}},{"start":{},"end":{}}],"line":133},"18":{"loc":{"start":{"line":133,"column":8},"end":{"line":133,"column":57}},"type":"binary-expr","locations":[{"start":{"line":133,"column":8},"end":{"line":133,"column":13}},{"start":{"line":133,"column":17},"end":{"line":133,"column":29}},{"start":{"line":133,"column":33},"end":{"line":133,"column":57}}],"line":133},"19":{"loc":{"start":{"line":150,"column":4},"end":{"line":150,"column":76}},"type":"if","locations":[{"start":{"line":150,"column":4},"end":{"line":150,"column":76}},{"start":{},"end":{}}],"line":150},"20":{"loc":{"start":{"line":150,"column":8},"end":{"line":150,"column":64}},"type":"binary-expr","locations":[{"start":{"line":150,"column":8},"end":{"line":150,"column":31}},{"start":{"line":150,"column":35},"end":{"line":150,"column":64}}],"line":150},"21":{"loc":{"start":{"line":163,"column":2},"end":{"line":165,"column":3}},"type":"if","locations":[{"start":{"line":163,"column":2},"end":{"line":165,"column":3}},{"start":{},"end":{}}],"line":163},"22":{"loc":{"start":{"line":163,"column":6},"end":{"line":163,"column":54}},"type":"binary-expr","locations":[{"start":{"line":163,"column":6},"end":{"line":163,"column":11}},{"start":{"line":163,"column":15},"end":{"line":163,"column":21}},{"start":{"line":163,"column":25},"end":{"line":163,"column":34}},{"start":{"line":163,"column":38},"end":{"line":163,"column":54}}],"line":163},"23":{"loc":{"start":{"line":167,"column":2},"end":{"line":169,"column":3}},"type":"if","locations":[{"start":{"line":167,"column":2},"end":{"line":169,"column":3}},{"start":{},"end":{}}],"line":167},"24":{"loc":{"start":{"line":171,"column":2},"end":{"line":173,"column":3}},"type":"if","locations":[{"start":{"line":171,"column":2},"end":{"line":173,"column":3}},{"start":{},"end":{}}],"line":171},"25":{"loc":{"start":{"line":177,"column":2},"end":{"line":179,"column":3}},"type":"if","locations":[{"start":{"line":177,"column":2},"end":{"line":179,"column":3}},{"start":{},"end":{}}],"line":177},"26":{"loc":{"start":{"line":186,"column":11},"end":{"line":186,"column":24}},"type":"binary-expr","locations":[{"start":{"line":186,"column":11},"end":{"line":186,"column":16}},{"start":{"line":186,"column":20},"end":{"line":186,"column":24}}],"line":186},"27":{"loc":{"start":{"line":187,"column":10},"end":{"line":187,"column":30}},"type":"binary-expr","locations":[{"start":{"line":187,"column":10},"end":{"line":187,"column":14}},{"start":{"line":187,"column":18},"end":{"line":187,"column":30}}],"line":187}},"s":{"0":3,"1":3,"2":0,"3":0,"4":0,"5":0,"6":0,"7":0,"8":0,"9":0,"10":0,"11":0,"12":0,"13":0,"14":0,"15":0,"16":0,"17":0,"18":0,"19":0,"20":0,"21":0,"22":0,"23":0,"24":0,"25":0,"26":0,"27":0,"28":0,"29":0,"30":0,"31":0,"32":0,"33":0,"34":0,"35":0,"36":0,"37":0,"38":0,"39":0,"40":0,"41":0,"42":0,"43":3,"44":0,"45":0,"46":0,"47":0,"48":0,"49":0,"50":0,"51":0,"52":0,"53":0,"54":0,"55":0,"56":0,"57":0,"58":3,"59":0,"60":0,"61":0,"62":0,"63":0,"64":0,"65":0,"66":0,"67":0,"68":0,"69":0,"70":0,"71":0,"72":0,"73":3,"74":0},"f":{"0":0,"1":0,"2":0,"3":0},"b":{"0":[0,0],"1":[0,0],"2":[0,0],"3":[0,0],"4":[0,0],"5":[0,0],"6":[0,0],"7":[0,0],"8":[0,0],"9":[0,0],"10":[0,0],"11":[0,0],"12":[0,0],"13":[0,0],"14":[0,0],"15":[0,0],"16":[0,0],"17":[0,0],"18":[0,0,0],"19":[0,0],"20":[0,0],"21":[0,0],"22":[0,0,0,0],"23":[0,0],"24":[0,0],"25":[0,0],"26":[0,0],"27":[0,0]},"inputSourceMap":null,"_coverageSchema":"1a1c01bbd47fc00a2c39e90264f33305004495a9","hash":"c76a18e96516139439fbbcc04c6c296a8a6dae24"}
,"C:\\Users\\abrao\\OneDrive\\Desktop\\Web\\prime-oil\\server\\routes\\orders.js": {"path":"C:\\Users\\abrao\\OneDrive\\Desktop\\Web\\prime-oil\\server\\routes\\orders.js","statementMap":{"0":{"start":{"line":17,"column":15},"end":{"line":17,"column":23}},"1":{"start":{"line":19,"column":0},"end":{"line":19,"column":25}},"2":{"start":{"line":21,"column":0},"end":{"line":66,"column":4}},"3":{"start":{"line":22,"column":15},"end":{"line":22,"column":67}},"4":{"start":{"line":23,"column":16},"end":{"line":23,"column":70}},"5":{"start":{"line":25,"column":19},"end":{"line":25,"column":120}},"6":{"start":{"line":26,"column":21},"end":{"line":26,"column":46}},"7":{"start":{"line":27,"column":2},"end":{"line":29,"column":3}},"8":{"start":{"line":28,"column":4},"end":{"line":28,"column":32}},"9":{"start":{"line":31,"column":17},"end":{"line":31,"column":19}},"10":{"start":{"line":32,"column":2},"end":{"line":39,"column":3}},"11":{"start":{"line":33,"column":20},"end":{"line":33,"column":52}},"12":{"start":{"line":34,"column":22},"end":{"line":34,"column":49}},"13":{"start":{"line":35,"column":18},"end":{"line":35,"column":75}},"14":{"start":{"line":36,"column":4},"end":{"line":36,"column":49}},"15":{"start":{"line":36,"column":40},"end":{"line":36,"column":45}},"16":{"start":{"line":37,"column":9},"end":{"line":39,"column":3}},"17":{"start":{"line":38,"column":4},"end":{"line":38,"column":29}},"18":{"start":{"line":42,"column":23},"end":{"line":42,"column":38}},"19":{"start":{"line":44,"column":2},"end":{"line":62,"column":3}},"20":{"start":{"line":45,"column":28},"end":{"line":50,"column":6}},"21":{"start":{"line":51,"column":4},"end":{"line":54,"column":6}},"22":{"start":{"line":56,"column":17},"end":{"line":60,"column":13}},"23":{"start":{"line":61,"column":4},"end":{"line":61,"column":41}},"24":{"start":{"line":64,"column":2},"end":{"line":64,"column":46}},"25":{"start":{"line":65,"column":2},"end":{"line":65,"column":25}},"26":{"start":{"line":68,"column":0},"end":{"line":132,"column":4}},"27":{"start":{"line":69,"column":16},"end":{"line":69,"column":44}},"28":{"start":{"line":70,"column":18},"end":{"line":70,"column":81}},"29":{"start":{"line":72,"column":15},"end":{"line":72,"column":71}},"30":{"start":{"line":73,"column":2},"end":{"line":77,"column":3}},"31":{"start":{"line":74,"column":15},"end":{"line":74,"column":57}},"32":{"start":{"line":75,"column":4},"end":{"line":75,"column":74}},"33":{"start":{"line":75,"column":13},"end":{"line":75,"column":74}},"34":{"start":{"line":76,"column":4},"end":{"line":76,"column":20}},"35":{"start":{"line":79,"column":14},"end":{"line":79,"column":35}},"36":{"start":{"line":80,"column":2},"end":{"line":83,"column":3}},"37":{"start":{"line":81,"column":14},"end":{"line":81,"column":49}},"38":{"start":{"line":82,"column":4},"end":{"line":82,"column":25}},"39":{"start":{"line":82,"column":11},"end":{"line":82,"column":25}},"40":{"start":{"line":85,"column":46},"end":{"line":85,"column":63}},"41":{"start":{"line":86,"column":24},"end":{"line":86,"column":75}},"42":{"start":{"line":86,"column":52},"end":{"line":86,"column":71}},"43":{"start":{"line":87,"column":20},"end":{"line":87,"column":22}},"44":{"start":{"line":89,"column":14},"end":{"line":125,"column":4}},"45":{"start":{"line":90,"column":26},"end":{"line":90,"column":27}},"46":{"start":{"line":91,"column":4},"end":{"line":106,"column":5}},"47":{"start":{"line":92,"column":22},"end":{"line":96,"column":7}},"48":{"start":{"line":97,"column":6},"end":{"line":99,"column":7}},"49":{"start":{"line":98,"column":8},"end":{"line":98,"column":103}},"50":{"start":{"line":100,"column":6},"end":{"line":104,"column":9}},"51":{"start":{"line":105,"column":6},"end":{"line":105,"column":63}},"52":{"start":{"line":108,"column":4},"end":{"line":110,"column":5}},"53":{"start":{"line":109,"column":6},"end":{"line":109,"column":108}},"54":{"start":{"line":112,"column":20},"end":{"line":122,"column":20}},"55":{"start":{"line":124,"column":4},"end":{"line":124,"column":22}},"56":{"start":{"line":127,"column":2},"end":{"line":127,"column":35}},"57":{"start":{"line":128,"column":2},"end":{"line":128,"column":37}},"58":{"start":{"line":130,"column":23},"end":{"line":130,"column":85}},"59":{"start":{"line":131,"column":2},"end":{"line":131,"column":50}},"60":{"start":{"line":134,"column":0},"end":{"line":223,"column":4}},"61":{"start":{"line":135,"column":18},"end":{"line":135,"column":42}},"62":{"start":{"line":137,"column":2},"end":{"line":145,"column":3}},"63":{"start":{"line":138,"column":4},"end":{"line":141,"column":5}},"64":{"start":{"line":139,"column":17},"end":{"line":139,"column":65}},"65":{"start":{"line":140,"column":6},"end":{"line":140,"column":36}},"66":{"start":{"line":140,"column":14},"end":{"line":140,"column":36}},"67":{"start":{"line":142,"column":9},"end":{"line":145,"column":3}},"68":{"start":{"line":143,"column":4},"end":{"line":143,"column":40}},"69":{"start":{"line":144,"column":4},"end":{"line":144,"column":32}},"70":{"start":{"line":147,"column":2},"end":{"line":150,"column":3}},"71":{"start":{"line":148,"column":14},"end":{"line":148,"column":55}},"72":{"start":{"line":149,"column":4},"end":{"line":149,"column":31}},"73":{"start":{"line":149,"column":11},"end":{"line":149,"column":31}},"74":{"start":{"line":153,"column":2},"end":{"line":215,"column":3}},"75":{"start":{"line":154,"column":18},"end":{"line":154,"column":70}},"76":{"start":{"line":155,"column":4},"end":{"line":155,"column":59}},"77":{"start":{"line":155,"column":16},"end":{"line":155,"column":59}},"78":{"start":{"line":156,"column":4},"end":{"line":158,"column":5}},"79":{"start":{"line":157,"column":6},"end":{"line":157,"column":78}},"80":{"start":{"line":160,"column":4},"end":{"line":208,"column":7}},"81":{"start":{"line":162,"column":6},"end":{"line":168,"column":7}},"82":{"start":{"line":163,"column":8},"end":{"line":167,"column":10}},"83":{"start":{"line":171,"column":24},"end":{"line":171,"column":26}},"84":{"start":{"line":172,"column":28},"end":{"line":172,"column":29}},"85":{"start":{"line":173,"column":28},"end":{"line":173,"column":87}},"86":{"start":{"line":173,"column":64},"end":{"line":173,"column":83}},"87":{"start":{"line":175,"column":6},"end":{"line":190,"column":7}},"88":{"start":{"line":176,"column":24},"end":{"line":180,"column":9}},"89":{"start":{"line":181,"column":8},"end":{"line":183,"column":9}},"90":{"start":{"line":182,"column":10},"end":{"line":182,"column":105}},"91":{"start":{"line":184,"column":8},"end":{"line":188,"column":11}},"92":{"start":{"line":189,"column":8},"end":{"line":189,"column":65}},"93":{"start":{"line":192,"column":25},"end":{"line":192,"column":86}},"94":{"start":{"line":193,"column":6},"end":{"line":195,"column":7}},"95":{"start":{"line":194,"column":8},"end":{"line":194,"column":118}},"96":{"start":{"line":197,"column":6},"end":{"line":197,"column":36}},"97":{"start":{"line":198,"column":6},"end":{"line":198,"column":36}},"98":{"start":{"line":199,"column":6},"end":{"line":199,"column":33}},"99":{"start":{"line":201,"column":22},"end":{"line":205,"column":40}},"100":{"start":{"line":207,"column":6},"end":{"line":207,"column":21}},"101":{"start":{"line":210,"column":4},"end":{"line":214,"column":39}},"102":{"start":{"line":217,"column":2},"end":{"line":217,"column":55}},"103":{"start":{"line":217,"column":12},"end":{"line":217,"column":55}},"104":{"start":{"line":219,"column":2},"end":{"line":219,"column":35}},"105":{"start":{"line":220,"column":2},"end":{"line":220,"column":37}},"106":{"start":{"line":222,"column":2},"end":{"line":222,"column":29}},"107":{"start":{"line":226,"column":0},"end":{"line":271,"column":4}},"108":{"start":{"line":227,"column":17},"end":{"line":227,"column":27}},"109":{"start":{"line":228,"column":21},"end":{"line":228,"column":29}},"110":{"start":{"line":230,"column":2},"end":{"line":232,"column":3}},"111":{"start":{"line":231,"column":4},"end":{"line":231,"column":52}},"112":{"start":{"line":234,"column":24},"end":{"line":234,"column":74}},"113":{"start":{"line":235,"column":2},"end":{"line":237,"column":3}},"114":{"start":{"line":236,"column":4},"end":{"line":236,"column":59}},"115":{"start":{"line":239,"column":16},"end":{"line":239,"column":77}},"116":{"start":{"line":240,"column":16},"end":{"line":240,"column":42}},"117":{"start":{"line":241,"column":2},"end":{"line":243,"column":3}},"118":{"start":{"line":242,"column":4},"end":{"line":242,"column":47}},"119":{"start":{"line":245,"column":24},"end":{"line":245,"column":36}},"120":{"start":{"line":247,"column":2},"end":{"line":249,"column":3}},"121":{"start":{"line":248,"column":4},"end":{"line":248,"column":40}},"122":{"start":{"line":251,"column":2},"end":{"line":253,"column":3}},"123":{"start":{"line":252,"column":4},"end":{"line":252,"column":82}},"124":{"start":{"line":255,"column":29},"end":{"line":258,"column":3}},"125":{"start":{"line":260,"column":2},"end":{"line":262,"column":3}},"126":{"start":{"line":261,"column":4},"end":{"line":261,"column":94}},"127":{"start":{"line":264,"column":2},"end":{"line":264,"column":24}},"128":{"start":{"line":265,"column":2},"end":{"line":265,"column":21}},"129":{"start":{"line":267,"column":2},"end":{"line":267,"column":35}},"130":{"start":{"line":269,"column":25},"end":{"line":269,"column":89}},"131":{"start":{"line":270,"column":2},"end":{"line":270,"column":40}}},"fnMap":{"0":{"name":"(anonymous_0)","decl":{"start":{"line":21,"column":73},"end":{"line":21,"column":74}},"loc":{"start":{"line":21,"column":93},"end":{"line":66,"column":1}},"line":21},"1":{"name":"(anonymous_1)","decl":{"start":{"line":36,"column":35},"end":{"line":36,"column":36}},"loc":{"start":{"line":36,"column":40},"end":{"line":36,"column":45}},"line":36},"2":{"name":"(anonymous_2)","decl":{"start":{"line":68,"column":103},"end":{"line":68,"column":104}},"loc":{"start":{"line":68,"column":123},"end":{"line":132,"column":1}},"line":68},"3":{"name":"(anonymous_3)","decl":{"start":{"line":86,"column":37},"end":{"line":86,"column":38}},"loc":{"start":{"line":86,"column":52},"end":{"line":86,"column":71}},"line":86},"4":{"name":"(anonymous_4)","decl":{"start":{"line":89,"column":37},"end":{"line":89,"column":38}},"loc":{"start":{"line":89,"column":56},"end":{"line":125,"column":3}},"line":89},"5":{"name":"(anonymous_5)","decl":{"start":{"line":134,"column":98},"end":{"line":134,"column":99}},"loc":{"start":{"line":134,"column":118},"end":{"line":223,"column":1}},"line":134},"6":{"name":"(anonymous_6)","decl":{"start":{"line":160,"column":33},"end":{"line":160,"column":34}},"loc":{"start":{"line":160,"column":52},"end":{"line":208,"column":5}},"line":160},"7":{"name":"(anonymous_7)","decl":{"start":{"line":173,"column":49},"end":{"line":173,"column":50}},"loc":{"start":{"line":173,"column":64},"end":{"line":173,"column":83}},"line":173},"8":{"name":"(anonymous_8)","decl":{"start":{"line":226,"column":69},"end":{"line":226,"column":70}},"loc":{"start":{"line":226,"column":89},"end":{"line":271,"column":1}},"line":226}},"branchMap":{"0":{"loc":{"start":{"line":22,"column":15},"end":{"line":22,"column":67}},"type":"cond-expr","locations":[{"start":{"line":22,"column":32},"end":{"line":22,"column":60}},{"start":{"line":22,"column":63},"end":{"line":22,"column":67}}],"line":22},"1":{"loc":{"start":{"line":23,"column":16},"end":{"line":23,"column":70}},"type":"cond-expr","locations":[{"start":{"line":23,"column":34},"end":{"line":23,"column":63}},{"start":{"line":23,"column":66},"end":{"line":23,"column":70}}],"line":23},"2":{"loc":{"start":{"line":25,"column":81},"end":{"line":25,"column":94}},"type":"binary-expr","locations":[{"start":{"line":25,"column":81},"end":{"line":25,"column":85}},{"start":{"line":25,"column":89},"end":{"line":25,"column":94}}],"line":25},"3":{"loc":{"start":{"line":25,"column":104},"end":{"line":25,"column":118}},"type":"binary-expr","locations":[{"start":{"line":25,"column":104},"end":{"line":25,"column":109}},{"start":{"line":25,"column":113},"end":{"line":25,"column":118}}],"line":25},"4":{"loc":{"start":{"line":27,"column":2},"end":{"line":29,"column":3}},"type":"if","locations":[{"start":{"line":27,"column":2},"end":{"line":29,"column":3}},{"start":{},"end":{}}],"line":27},"5":{"loc":{"start":{"line":32,"column":2},"end":{"line":39,"column":3}},"type":"if","locations":[{"start":{"line":32,"column":2},"end":{"line":39,"column":3}},{"start":{"line":37,"column":9},"end":{"line":39,"column":3}}],"line":32},"6":{"loc":{"start":{"line":34,"column":22},"end":{"line":34,"column":49}},"type":"cond-expr","locations":[{"start":{"line":34,"column":32},"end":{"line":34,"column":44}},{"start":{"line":34,"column":47},"end":{"line":34,"column":49}}],"line":34},"7":{"loc":{"start":{"line":37,"column":9},"end":{"line":39,"column":3}},"type":"if","locations":[{"start":{"line":37,"column":9},"end":{"line":39,"column":3}},{"start":{},"end":{}}],"line":37},"8":{"loc":{"start":{"line":44,"column":2},"end":{"line":62,"column":3}},"type":"if","locations":[{"start":{"line":44,"column":2},"end":{"line":62,"column":3}},{"start":{"line":55,"column":9},"end":{"line":62,"column":3}}],"line":44},"9":{"loc":{"start":{"line":44,"column":6},"end":{"line":44,"column":19}},"type":"binary-expr","locations":[{"start":{"line":44,"column":6},"end":{"line":44,"column":10}},{"start":{"line":44,"column":14},"end":{"line":44,"column":19}}],"line":44},"10":{"loc":{"start":{"line":70,"column":18},"end":{"line":70,"column":81}},"type":"binary-expr","locations":[{"start":{"line":70,"column":18},"end":{"line":70,"column":34}},{"start":{"line":70,"column":38},"end":{"line":70,"column":81}}],"line":70},"11":{"loc":{"start":{"line":72,"column":15},"end":{"line":72,"column":71}},"type":"binary-expr","locations":[{"start":{"line":72,"column":15},"end":{"line":72,"column":45}},{"start":{"line":72,"column":49},"end":{"line":72,"column":71}}],"line":72},"12":{"loc":{"start":{"line":73,"column":2},"end":{"line":77,"column":3}},"type":"if","locations":[{"start":{"line":73,"column":2},"end":{"line":77,"column":3}},{"start":{},"end":{}}],"line":73},"13":{"loc":{"start":{"line":73,"column":6},"end":{"line":73,"column":70}},"type":"binary-expr","locations":[{"start":{"line":73,"column":6},"end":{"line":73,"column":32}},{"start":{"line":73,"column":36},"end":{"line":73,"column":70}}],"line":73},"14":{"loc":{"start":{"line":75,"column":4},"end":{"line":75,"column":74}},"type":"if","locations":[{"start":{"line":75,"column":4},"end":{"line":75,"column":74}},{"start":{},"end":{}}],"line":75},"15":{"loc":{"start":{"line":80,"column":2},"end":{"line":83,"column":3}},"type":"if","locations":[{"start":{"line":80,"column":2},"end":{"line":83,"column":3}},{"start":{},"end":{}}],"line":80},"16":{"loc":{"start":{"line":80,"column":6},"end":{"line":80,"column":68}},"type":"binary-expr","locations":[{"start":{"line":80,"column":6},"end":{"line":80,"column":31}},{"start":{"line":80,"column":35},"end":{"line":80,"column":68}}],"line":80},"17":{"loc":{"start":{"line":82,"column":4},"end":{"line":82,"column":25}},"type":"if","locations":[{"start":{"line":82,"column":4},"end":{"line":82,"column":25}},{"start":{},"end":{}}],"line":82},"18":{"loc":{"start":{"line":97,"column":6},"end":{"line":99,"column":7}},"type":"if","locations":[{"start":{"line":97,"column":6},"end":{"line":99,"column":7}},{"start":{},"end":{}}],"line":97},"19":{"loc":{"start":{"line":108,"column":4},"end":{"line":110,"column":5}},"type":"if","locations":[{"start":{"line":108,"column":4},"end":{"line":110,"column":5}},{"start":{},"end":{}}],"line":108},"20":{"loc":{"start":{"line":108,"column":8},"end":{"line":108,"column":71}},"type":"binary-expr","locations":[{"start":{"line":108,"column":8},"end":{"line":108,"column":27}},{"start":{"line":108,"column":31},"end":{"line":108,"column":71}}],"line":108},"21":{"loc":{"start":{"line":118,"column":13},"end":{"line":118,"column":58}},"type":"cond-expr","locations":[{"start":{"line":118,"column":35},"end":{"line":118,"column":40}},{"start":{"line":118,"column":43},"end":{"line":118,"column":58}}],"line":118},"22":{"loc":{"start":{"line":119,"column":14},"end":{"line":119,"column":33}},"type":"binary-expr","locations":[{"start":{"line":119,"column":14},"end":{"line":119,"column":20}},{"start":{"line":119,"column":24},"end":{"line":119,"column":33}}],"line":119},"23":{"loc":{"start":{"line":120,"column":12},"end":{"line":120,"column":57}},"type":"binary-expr","locations":[{"start":{"line":120,"column":12},"end":{"line":120,"column":16}},{"start":{"line":120,"column":20},"end":{"line":120,"column":57}}],"line":120},"24":{"loc":{"start":{"line":121,"column":11},"end":{"line":121,"column":31}},"type":"binary-expr","locations":[{"start":{"line":121,"column":11},"end":{"line":121,"column":14}},{"start":{"line":121,"column":18},"end":{"line":121,"column":31}}],"line":121},"25":{"loc":{"start":{"line":137,"column":2},"end":{"line":145,"column":3}},"type":"if","locations":[{"start":{"line":137,"column":2},"end":{"line":145,"column":3}},{"start":{"line":142,"column":9},"end":{"line":145,"column":3}}],"line":137},"26":{"loc":{"start":{"line":138,"column":4},"end":{"line":141,"column":5}},"type":"if","locations":[{"start":{"line":138,"column":4},"end":{"line":141,"column":5}},{"start":{},"end":{}}],"line":138},"27":{"loc":{"start":{"line":138,"column":8},"end":{"line":138,"column":84}},"type":"binary-expr","locations":[{"start":{"line":138,"column":8},"end":{"line":138,"column":40}},{"start":{"line":138,"column":44},"end":{"line":138,"column":84}}],"line":138},"28":{"loc":{"start":{"line":140,"column":6},"end":{"line":140,"column":36}},"type":"if","locations":[{"start":{"line":140,"column":6},"end":{"line":140,"column":36}},{"start":{},"end":{}}],"line":140},"29":{"loc":{"start":{"line":142,"column":9},"end":{"line":145,"column":3}},"type":"if","locations":[{"start":{"line":142,"column":9},"end":{"line":145,"column":3}},{"start":{},"end":{}}],"line":142},"30":{"loc":{"start":{"line":147,"column":2},"end":{"line":150,"column":3}},"type":"if","locations":[{"start":{"line":147,"column":2},"end":{"line":150,"column":3}},{"start":{},"end":{}}],"line":147},"31":{"loc":{"start":{"line":147,"column":6},"end":{"line":147,"column":95}},"type":"binary-expr","locations":[{"start":{"line":147,"column":6},"end":{"line":147,"column":17}},{"start":{"line":147,"column":21},"end":{"line":147,"column":52}},{"start":{"line":147,"column":56},"end":{"line":147,"column":95}}],"line":147},"32":{"loc":{"start":{"line":149,"column":4},"end":{"line":149,"column":31}},"type":"if","locations":[{"start":{"line":149,"column":4},"end":{"line":149,"column":31}},{"start":{},"end":{}}],"line":149},"33":{"loc":{"start":{"line":153,"column":2},"end":{"line":215,"column":3}},"type":"if","locations":[{"start":{"line":153,"column":2},"end":{"line":215,"column":3}},{"start":{"line":209,"column":9},"end":{"line":215,"column":3}}],"line":153},"34":{"loc":{"start":{"line":155,"column":4},"end":{"line":155,"column":59}},"type":"if","locations":[{"start":{"line":155,"column":4},"end":{"line":155,"column":59}},{"start":{},"end":{}}],"line":155},"35":{"loc":{"start":{"line":156,"column":4},"end":{"line":158,"column":5}},"type":"if","locations":[{"start":{"line":156,"column":4},"end":{"line":158,"column":5}},{"start":{},"end":{}}],"line":156},"36":{"loc":{"start":{"line":181,"column":8},"end":{"line":183,"column":9}},"type":"if","locations":[{"start":{"line":181,"column":8},"end":{"line":183,"column":9}},{"start":{},"end":{}}],"line":181},"37":{"loc":{"start":{"line":192,"column":25},"end":{"line":192,"column":86}},"type":"cond-expr","locations":[{"start":{"line":192,"column":55},"end":{"line":192,"column":68}},{"start":{"line":192,"column":71},"end":{"line":192,"column":86}}],"line":192},"38":{"loc":{"start":{"line":193,"column":6},"end":{"line":195,"column":7}},"type":"if","locations":[{"start":{"line":193,"column":6},"end":{"line":195,"column":7}},{"start":{},"end":{}}],"line":193},"39":{"loc":{"start":{"line":193,"column":10},"end":{"line":193,"column":89}},"type":"binary-expr","locations":[{"start":{"line":193,"column":10},"end":{"line":193,"column":37}},{"start":{"line":193,"column":41},"end":{"line":193,"column":89}}],"line":193},"40":{"loc":{"start":{"line":217,"column":2},"end":{"line":217,"column":55}},"type":"if","locations":[{"start":{"line":217,"column":2},"end":{"line":217,"column":55}},{"start":{},"end":{}}],"line":217},"41":{"loc":{"start":{"line":230,"column":2},"end":{"line":232,"column":3}},"type":"if","locations":[{"start":{"line":230,"column":2},"end":{"line":232,"column":3}},{"start":{},"end":{}}],"line":230},"42":{"loc":{"start":{"line":235,"column":2},"end":{"line":237,"column":3}},"type":"if","locations":[{"start":{"line":235,"column":2},"end":{"line":237,"column":3}},{"start":{},"end":{}}],"line":235},"43":{"loc":{"start":{"line":239,"column":16},"end":{"line":239,"column":77}},"type":"cond-expr","locations":[{"start":{"line":239,"column":48},"end":{"line":239,"column":59}},{"start":{"line":239,"column":62},"end":{"line":239,"column":77}}],"line":239},"44":{"loc":{"start":{"line":241,"column":2},"end":{"line":243,"column":3}},"type":"if","locations":[{"start":{"line":241,"column":2},"end":{"line":243,"column":3}},{"start":{},"end":{}}],"line":241},"45":{"loc":{"start":{"line":247,"column":2},"end":{"line":249,"column":3}},"type":"if","locations":[{"start":{"line":247,"column":2},"end":{"line":249,"column":3}},{"start":{},"end":{}}],"line":247},"46":{"loc":{"start":{"line":251,"column":2},"end":{"line":253,"column":3}},"type":"if","locations":[{"start":{"line":251,"column":2},"end":{"line":253,"column":3}},{"start":{},"end":{}}],"line":251},"47":{"loc":{"start":{"line":251,"column":6},"end":{"line":251,"column":68}},"type":"binary-expr","locations":[{"start":{"line":251,"column":6},"end":{"line":251,"column":35}},{"start":{"line":251,"column":39},"end":{"line":251,"column":68}}],"line":251},"48":{"loc":{"start":{"line":260,"column":2},"end":{"line":262,"column":3}},"type":"if","locations":[{"start":{"line":260,"column":2},"end":{"line":262,"column":3}},{"start":{},"end":{}}],"line":260}},"s":{"0":3,"1":3,"2":3,"3":0,"4":0,"5":0,"6":0,"7":0,"8":0,"9":0,"10":0,"11":0,"12":0,"13":0,"14":0,"15":0,"16":0,"17":0,"18":0,"19":0,"20":0,"21":0,"22":0,"23":0,"24":0,"25":0,"26":3,"27":0,"28":0,"29":0,"30":0,"31":0,"32":0,"33":0,"34":0,"35":0,"36":0,"37":0,"38":0,"39":0,"40":0,"41":0,"42":0,"43":0,"44":0,"45":0,"46":0,"47":0,"48":0,"49":0,"50":0,"51":0,"52":0,"53":0,"54":0,"55":0,"56":0,"57":0,"58":0,"59":0,"60":3,"61":0,"62":0,"63":0,"64":0,"65":0,"66":0,"67":0,"68":0,"69":0,"70":0,"71":0,"72":0,"73":0,"74":0,"75":0,"76":0,"77":0,"78":0,"79":0,"80":0,"81":0,"82":0,"83":0,"84":0,"85":0,"86":0,"87":0,"88":0,"89":0,"90":0,"91":0,"92":0,"93":0,"94":0,"95":0,"96":0,"97":0,"98":0,"99":0,"100":0,"101":0,"102":0,"103":0,"104":0,"105":0,"106":0,"107":3,"108":0,"109":0,"110":0,"111":0,"112":0,"113":0,"114":0,"115":0,"116":0,"117":0,"118":0,"119":0,"120":0,"121":0,"122":0,"123":0,"124":0,"125":0,"126":0,"127":0,"128":0,"129":0,"130":0,"131":0},"f":{"0":0,"1":0,"2":0,"3":0,"4":0,"5":0,"6":0,"7":0,"8":0},"b":{"0":[0,0],"1":[0,0],"2":[0,0],"3":[0,0],"4":[0,0],"5":[0,0],"6":[0,0],"7":[0,0],"8":[0,0],"9":[0,0],"10":[0,0],"11":[0,0],"12":[0,0],"13":[0,0],"14":[0,0],"15":[0,0],"16":[0,0],"17":[0,0],"18":[0,0],"19":[0,0],"20":[0,0],"21":[0,0],"22":[0,0],"23":[0,0],"24":[0,0],"25":[0,0],"26":[0,0],"27":[0,0],"28":[0,0],"29":[0,0],"30":[0,0],"31":[0,0,0],"32":[0,0],"33":[0,0],"34":[0,0],"35":[0,0],"36":[0,0],"37":[0,0],"38":[0,0],"39":[0,0],"40":[0,0],"41":[0,0],"42":[0,0],"43":[0,0],"44":[0,0],"45":[0,0],"46":[0,0],"47":[0,0],"48":[0,0]},"inputSourceMap":null,"_coverageSchema":"1a1c01bbd47fc00a2c39e90264f33305004495a9","hash":"a81642233612f5fa327f85036274fe4eda8f4589"}
,"C:\\Users\\abrao\\OneDrive\\Desktop\\Web\\prime-oil\\server\\routes\\payments.js": {"path":"C:\\Users\\abrao\\OneDrive\\Desktop\\Web\\prime-oil\\server\\routes\\payments.js","statementMap":{"0":{"start":{"line":17,"column":15},"end":{"line":17,"column":23}},"1":{"start":{"line":19,"column":0},"end":{"line":19,"column":25}},"2":{"start":{"line":22,"column":17},"end":{"line":22,"column":19}},"3":{"start":{"line":23,"column":2},"end":{"line":33,"column":3}},"4":{"start":{"line":24,"column":20},"end":{"line":24,"column":48}},"5":{"start":{"line":25,"column":22},"end":{"line":25,"column":49}},"6":{"start":{"line":26,"column":18},"end":{"line":26,"column":75}},"7":{"start":{"line":27,"column":4},"end":{"line":27,"column":49}},"8":{"start":{"line":27,"column":40},"end":{"line":27,"column":45}},"9":{"start":{"line":28,"column":9},"end":{"line":33,"column":3}},"10":{"start":{"line":29,"column":20},"end":{"line":29,"column":66}},"11":{"start":{"line":30,"column":26},"end":{"line":30,"column":84}},"12":{"start":{"line":31,"column":23},"end":{"line":31,"column":119}},"13":{"start":{"line":31,"column":57},"end":{"line":31,"column":70}},"14":{"start":{"line":31,"column":99},"end":{"line":31,"column":115}},"15":{"start":{"line":32,"column":4},"end":{"line":32,"column":38}},"16":{"start":{"line":34,"column":2},"end":{"line":34,"column":16}},"17":{"start":{"line":37,"column":0},"end":{"line":71,"column":4}},"18":{"start":{"line":38,"column":15},"end":{"line":38,"column":67}},"19":{"start":{"line":39,"column":16},"end":{"line":39,"column":70}},"20":{"start":{"line":41,"column":17},"end":{"line":41,"column":55}},"21":{"start":{"line":42,"column":19},"end":{"line":42,"column":122}},"22":{"start":{"line":43,"column":21},"end":{"line":43,"column":46}},"23":{"start":{"line":44,"column":2},"end":{"line":46,"column":3}},"24":{"start":{"line":45,"column":4},"end":{"line":45,"column":32}},"25":{"start":{"line":50,"column":2},"end":{"line":67,"column":3}},"26":{"start":{"line":51,"column":28},"end":{"line":56,"column":6}},"27":{"start":{"line":57,"column":4},"end":{"line":60,"column":6}},"28":{"start":{"line":62,"column":17},"end":{"line":65,"column":13}},"29":{"start":{"line":66,"column":4},"end":{"line":66,"column":43}},"30":{"start":{"line":69,"column":2},"end":{"line":69,"column":46}},"31":{"start":{"line":70,"column":2},"end":{"line":70,"column":25}},"32":{"start":{"line":73,"column":0},"end":{"line":146,"column":4}},"33":{"start":{"line":74,"column":16},"end":{"line":74,"column":46}},"34":{"start":{"line":75,"column":20},"end":{"line":75,"column":85}},"35":{"start":{"line":77,"column":15},"end":{"line":77,"column":37}},"36":{"start":{"line":78,"column":2},"end":{"line":82,"column":3}},"37":{"start":{"line":79,"column":15},"end":{"line":79,"column":57}},"38":{"start":{"line":80,"column":4},"end":{"line":80,"column":74}},"39":{"start":{"line":80,"column":13},"end":{"line":80,"column":74}},"40":{"start":{"line":81,"column":4},"end":{"line":81,"column":20}},"41":{"start":{"line":84,"column":19},"end":{"line":84,"column":42}},"42":{"start":{"line":85,"column":17},"end":{"line":85,"column":21}},"43":{"start":{"line":86,"column":2},"end":{"line":96,"column":3}},"44":{"start":{"line":87,"column":4},"end":{"line":91,"column":5}},"45":{"start":{"line":88,"column":6},"end":{"line":88,"column":62}},"46":{"start":{"line":90,"column":6},"end":{"line":90,"column":50}},"47":{"start":{"line":92,"column":4},"end":{"line":94,"column":5}},"48":{"start":{"line":93,"column":6},"end":{"line":93,"column":79}},"49":{"start":{"line":95,"column":4},"end":{"line":95,"column":30}},"50":{"start":{"line":98,"column":14},"end":{"line":137,"column":4}},"51":{"start":{"line":99,"column":21},"end":{"line":99,"column":79}},"52":{"start":{"line":100,"column":20},"end":{"line":100,"column":47}},"53":{"start":{"line":102,"column":4},"end":{"line":104,"column":5}},"54":{"start":{"line":103,"column":6},"end":{"line":103,"column":82}},"55":{"start":{"line":106,"column":27},"end":{"line":106,"column":32}},"56":{"start":{"line":107,"column":4},"end":{"line":120,"column":5}},"57":{"start":{"line":108,"column":31},"end":{"line":108,"column":89}},"58":{"start":{"line":109,"column":31},"end":{"line":109,"column":83}},"59":{"start":{"line":109,"column":67},"end":{"line":109,"column":79}},"60":{"start":{"line":111,"column":6},"end":{"line":113,"column":7}},"61":{"start":{"line":112,"column":8},"end":{"line":112,"column":82}},"62":{"start":{"line":115,"column":6},"end":{"line":115,"column":70}},"63":{"start":{"line":117,"column":6},"end":{"line":119,"column":7}},"64":{"start":{"line":118,"column":8},"end":{"line":118,"column":83}},"65":{"start":{"line":123,"column":6},"end":{"line":123,"column":95}},"66":{"start":{"line":125,"column":20},"end":{"line":134,"column":20}},"67":{"start":{"line":136,"column":4},"end":{"line":136,"column":22}},"68":{"start":{"line":139,"column":2},"end":{"line":139,"column":37}},"69":{"start":{"line":140,"column":2},"end":{"line":142,"column":3}},"70":{"start":{"line":141,"column":4},"end":{"line":141,"column":37}},"71":{"start":{"line":144,"column":23},"end":{"line":144,"column":71}},"72":{"start":{"line":145,"column":2},"end":{"line":145,"column":52}},"73":{"start":{"line":148,"column":0},"end":{"line":207,"column":4}},"74":{"start":{"line":149,"column":18},"end":{"line":149,"column":42}},"75":{"start":{"line":150,"column":2},"end":{"line":153,"column":3}},"76":{"start":{"line":151,"column":15},"end":{"line":151,"column":63}},"77":{"start":{"line":152,"column":4},"end":{"line":152,"column":34}},"78":{"start":{"line":152,"column":12},"end":{"line":152,"column":34}},"79":{"start":{"line":154,"column":2},"end":{"line":157,"column":3}},"80":{"start":{"line":155,"column":16},"end":{"line":155,"column":63}},"81":{"start":{"line":156,"column":4},"end":{"line":156,"column":37}},"82":{"start":{"line":156,"column":13},"end":{"line":156,"column":37}},"83":{"start":{"line":159,"column":21},"end":{"line":200,"column":4}},"84":{"start":{"line":160,"column":20},"end":{"line":160,"column":95}},"85":{"start":{"line":161,"column":4},"end":{"line":161,"column":63}},"86":{"start":{"line":161,"column":18},"end":{"line":161,"column":63}},"87":{"start":{"line":163,"column":21},"end":{"line":163,"column":80}},"88":{"start":{"line":164,"column":20},"end":{"line":164,"column":76}},"89":{"start":{"line":166,"column":4},"end":{"line":168,"column":5}},"90":{"start":{"line":167,"column":6},"end":{"line":167,"column":82}},"91":{"start":{"line":170,"column":20},"end":{"line":170,"column":79}},"92":{"start":{"line":172,"column":4},"end":{"line":190,"column":5}},"93":{"start":{"line":173,"column":23},"end":{"line":173,"column":69}},"94":{"start":{"line":174,"column":6},"end":{"line":174,"column":66}},"95":{"start":{"line":174,"column":21},"end":{"line":174,"column":66}},"96":{"start":{"line":176,"column":28},"end":{"line":179,"column":25}},"97":{"start":{"line":181,"column":27},"end":{"line":181,"column":76}},"98":{"start":{"line":181,"column":60},"end":{"line":181,"column":72}},"99":{"start":{"line":183,"column":6},"end":{"line":185,"column":7}},"100":{"start":{"line":184,"column":8},"end":{"line":184,"column":82}},"101":{"start":{"line":187,"column":31},"end":{"line":187,"column":71}},"102":{"start":{"line":188,"column":29},"end":{"line":188,"column":66}},"103":{"start":{"line":189,"column":6},"end":{"line":189,"column":86}},"104":{"start":{"line":192,"column":4},"end":{"line":192,"column":36}},"105":{"start":{"line":193,"column":4},"end":{"line":195,"column":5}},"106":{"start":{"line":194,"column":6},"end":{"line":194,"column":32}},"107":{"start":{"line":197,"column":4},"end":{"line":197,"column":90}},"108":{"start":{"line":198,"column":4},"end":{"line":198,"column":36}},"109":{"start":{"line":199,"column":4},"end":{"line":199,"column":19}},"110":{"start":{"line":202,"column":2},"end":{"line":202,"column":37}},"111":{"start":{"line":203,"column":2},"end":{"line":203,"column":35}},"112":{"start":{"line":205,"column":23},"end":{"line":205,"column":78}},"113":{"start":{"line":206,"column":2},"end":{"line":206,"column":40}}},"fnMap":{"0":{"name":"buildPaymentListFilter","decl":{"start":{"line":21,"column":15},"end":{"line":21,"column":37}},"loc":{"start":{"line":21,"column":44},"end":{"line":35,"column":1}},"line":21},"1":{"name":"(anonymous_1)","decl":{"start":{"line":27,"column":35},"end":{"line":27,"column":36}},"loc":{"start":{"line":27,"column":40},"end":{"line":27,"column":45}},"line":27},"2":{"name":"(anonymous_2)","decl":{"start":{"line":31,"column":51},"end":{"line":31,"column":52}},"loc":{"start":{"line":31,"column":57},"end":{"line":31,"column":70}},"line":31},"3":{"name":"(anonymous_3)","decl":{"start":{"line":31,"column":94},"end":{"line":31,"column":95}},"loc":{"start":{"line":31,"column":99},"end":{"line":31,"column":115}},"line":31},"4":{"name":"(anonymous_4)","decl":{"start":{"line":37,"column":73},"end":{"line":37,"column":74}},"loc":{"start":{"line":37,"column":93},"end":{"line":71,"column":1}},"line":37},"5":{"name":"(anonymous_5)","decl":{"start":{"line":73,"column":91},"end":{"line":73,"column":92}},"loc":{"start":{"line":73,"column":111},"end":{"line":146,"column":1}},"line":73},"6":{"name":"(anonymous_6)","decl":{"start":{"line":98,"column":37},"end":{"line":98,"column":38}},"loc":{"start":{"line":98,"column":56},"end":{"line":137,"column":3}},"line":98},"7":{"name":"(anonymous_7)","decl":{"start":{"line":109,"column":55},"end":{"line":109,"column":56}},"loc":{"start":{"line":109,"column":67},"end":{"line":109,"column":79}},"line":109},"8":{"name":"(anonymous_8)","decl":{"start":{"line":148,"column":102},"end":{"line":148,"column":103}},"loc":{"start":{"line":148,"column":122},"end":{"line":207,"column":1}},"line":148},"9":{"name":"(anonymous_9)","decl":{"start":{"line":159,"column":44},"end":{"line":159,"column":45}},"loc":{"start":{"line":159,"column":63},"end":{"line":200,"column":3}},"line":159},"10":{"name":"(anonymous_10)","decl":{"start":{"line":181,"column":48},"end":{"line":181,"column":49}},"loc":{"start":{"line":181,"column":60},"end":{"line":181,"column":72}},"line":181}},"branchMap":{"0":{"loc":{"start":{"line":23,"column":2},"end":{"line":33,"column":3}},"type":"if","locations":[{"start":{"line":23,"column":2},"end":{"line":33,"column":3}},{"start":{"line":28,"column":9},"end":{"line":33,"column":3}}],"line":23},"1":{"loc":{"start":{"line":25,"column":22},"end":{"line":25,"column":49}},"type":"cond-expr","locations":[{"start":{"line":25,"column":32},"end":{"line":25,"column":44}},{"start":{"line":25,"column":47},"end":{"line":25,"column":49}}],"line":25},"2":{"loc":{"start":{"line":28,"column":9},"end":{"line":33,"column":3}},"type":"if","locations":[{"start":{"line":28,"column":9},"end":{"line":33,"column":3}},{"start":{},"end":{}}],"line":28},"3":{"loc":{"start":{"line":38,"column":15},"end":{"line":38,"column":67}},"type":"cond-expr","locations":[{"start":{"line":38,"column":32},"end":{"line":38,"column":60}},{"start":{"line":38,"column":63},"end":{"line":38,"column":67}}],"line":38},"4":{"loc":{"start":{"line":39,"column":16},"end":{"line":39,"column":70}},"type":"cond-expr","locations":[{"start":{"line":39,"column":34},"end":{"line":39,"column":63}},{"start":{"line":39,"column":66},"end":{"line":39,"column":70}}],"line":39},"5":{"loc":{"start":{"line":42,"column":83},"end":{"line":42,"column":96}},"type":"binary-expr","locations":[{"start":{"line":42,"column":83},"end":{"line":42,"column":87}},{"start":{"line":42,"column":91},"end":{"line":42,"column":96}}],"line":42},"6":{"loc":{"start":{"line":42,"column":106},"end":{"line":42,"column":120}},"type":"binary-expr","locations":[{"start":{"line":42,"column":106},"end":{"line":42,"column":111}},{"start":{"line":42,"column":115},"end":{"line":42,"column":120}}],"line":42},"7":{"loc":{"start":{"line":44,"column":2},"end":{"line":46,"column":3}},"type":"if","locations":[{"start":{"line":44,"column":2},"end":{"line":46,"column":3}},{"start":{},"end":{}}],"line":44},"8":{"loc":{"start":{"line":50,"column":2},"end":{"line":67,"column":3}},"type":"if","locations":[{"start":{"line":50,"column":2},"end":{"line":67,"column":3}},{"start":{"line":61,"column":9},"end":{"line":67,"column":3}}],"line":50},"9":{"loc":{"start":{"line":50,"column":6},"end":{"line":50,"column":19}},"type":"binary-expr","locations":[{"start":{"line":50,"column":6},"end":{"line":50,"column":10}},{"start":{"line":50,"column":14},"end":{"line":50,"column":19}}],"line":50},"10":{"loc":{"start":{"line":75,"column":20},"end":{"line":75,"column":85}},"type":"binary-expr","locations":[{"start":{"line":75,"column":20},"end":{"line":75,"column":38}},{"start":{"line":75,"column":42},"end":{"line":75,"column":85}}],"line":75},"11":{"loc":{"start":{"line":78,"column":2},"end":{"line":82,"column":3}},"type":"if","locations":[{"start":{"line":78,"column":2},"end":{"line":82,"column":3}},{"start":{},"end":{}}],"line":78},"12":{"loc":{"start":{"line":78,"column":6},"end":{"line":78,"column":70}},"type":"binary-expr","locations":[{"start":{"line":78,"column":6},"end":{"line":78,"column":32}},{"start":{"line":78,"column":36},"end":{"line":78,"column":70}}],"line":78},"13":{"loc":{"start":{"line":80,"column":4},"end":{"line":80,"column":74}},"type":"if","locations":[{"start":{"line":80,"column":4},"end":{"line":80,"column":74}},{"start":{},"end":{}}],"line":80},"14":{"loc":{"start":{"line":86,"column":2},"end":{"line":96,"column":3}},"type":"if","locations":[{"start":{"line":86,"column":2},"end":{"line":96,"column":3}},{"start":{},"end":{}}],"line":86},"15":{"loc":{"start":{"line":87,"column":4},"end":{"line":91,"column":5}},"type":"if","locations":[{"start":{"line":87,"column":4},"end":{"line":91,"column":5}},{"start":{"line":89,"column":11},"end":{"line":91,"column":5}}],"line":87},"16":{"loc":{"start":{"line":87,"column":8},"end":{"line":87,"column":80}},"type":"binary-expr","locations":[{"start":{"line":87,"column":8},"end":{"line":87,"column":38}},{"start":{"line":87,"column":42},"end":{"line":87,"column":80}}],"line":87},"17":{"loc":{"start":{"line":92,"column":4},"end":{"line":94,"column":5}},"type":"if","locations":[{"start":{"line":92,"column":4},"end":{"line":94,"column":5}},{"start":{},"end":{}}],"line":92},"18":{"loc":{"start":{"line":99,"column":21},"end":{"line":99,"column":79}},"type":"binary-expr","locations":[{"start":{"line":99,"column":21},"end":{"line":99,"column":44}},{"start":{"line":99,"column":49},"end":{"line":99,"column":78}}],"line":99},"19":{"loc":{"start":{"line":99,"column":49},"end":{"line":99,"column":78}},"type":"cond-expr","locations":[{"start":{"line":99,"column":60},"end":{"line":99,"column":74}},{"start":{"line":99,"column":77},"end":{"line":99,"column":78}}],"line":99},"20":{"loc":{"start":{"line":100,"column":20},"end":{"line":100,"column":47}},"type":"binary-expr","locations":[{"start":{"line":100,"column":20},"end":{"line":100,"column":42}},{"start":{"line":100,"column":46},"end":{"line":100,"column":47}}],"line":100},"21":{"loc":{"start":{"line":102,"column":4},"end":{"line":104,"column":5}},"type":"if","locations":[{"start":{"line":102,"column":4},"end":{"line":104,"column":5}},{"start":{},"end":{}}],"line":102},"22":{"loc":{"start":{"line":107,"column":4},"end":{"line":120,"column":5}},"type":"if","locations":[{"start":{"line":107,"column":4},"end":{"line":120,"column":5}},{"start":{},"end":{}}],"line":107},"23":{"loc":{"start":{"line":111,"column":6},"end":{"line":113,"column":7}},"type":"if","locations":[{"start":{"line":111,"column":6},"end":{"line":113,"column":7}},{"start":{},"end":{}}],"line":111},"24":{"loc":{"start":{"line":117,"column":6},"end":{"line":119,"column":7}},"type":"if","locations":[{"start":{"line":117,"column":6},"end":{"line":119,"column":7}},{"start":{},"end":{}}],"line":117},"25":{"loc":{"start":{"line":123,"column":6},"end":{"line":123,"column":95}},"type":"binary-expr","locations":[{"start":{"line":123,"column":6},"end":{"line":123,"column":30}},{"start":{"line":123,"column":35},"end":{"line":123,"column":94}}],"line":123},"26":{"loc":{"start":{"line":123,"column":35},"end":{"line":123,"column":94}},"type":"cond-expr","locations":[{"start":{"line":123,"column":47},"end":{"line":123,"column":84}},{"start":{"line":123,"column":88},"end":{"line":123,"column":94}}],"line":123},"27":{"loc":{"start":{"line":123,"column":47},"end":{"line":123,"column":84}},"type":"cond-expr","locations":[{"start":{"line":123,"column":66},"end":{"line":123,"column":72}},{"start":{"line":123,"column":75},"end":{"line":123,"column":84}}],"line":123},"28":{"loc":{"start":{"line":140,"column":2},"end":{"line":142,"column":3}},"type":"if","locations":[{"start":{"line":140,"column":2},"end":{"line":142,"column":3}},{"start":{},"end":{}}],"line":140},"29":{"loc":{"start":{"line":150,"column":2},"end":{"line":153,"column":3}},"type":"if","locations":[{"start":{"line":150,"column":2},"end":{"line":153,"column":3}},{"start":{},"end":{}}],"line":150},"30":{"loc":{"start":{"line":150,"column":6},"end":{"line":150,"column":98}},"type":"binary-expr","locations":[{"start":{"line":150,"column":6},"end":{"line":150,"column":18}},{"start":{"line":150,"column":22},"end":{"line":150,"column":54}},{"start":{"line":150,"column":58},"end":{"line":150,"column":98}}],"line":150},"31":{"loc":{"start":{"line":152,"column":4},"end":{"line":152,"column":34}},"type":"if","locations":[{"start":{"line":152,"column":4},"end":{"line":152,"column":34}},{"start":{},"end":{}}],"line":152},"32":{"loc":{"start":{"line":154,"column":2},"end":{"line":157,"column":3}},"type":"if","locations":[{"start":{"line":154,"column":2},"end":{"line":157,"column":3}},{"start":{},"end":{}}],"line":154},"33":{"loc":{"start":{"line":154,"column":6},"end":{"line":154,"column":101}},"type":"binary-expr","locations":[{"start":{"line":154,"column":6},"end":{"line":154,"column":19}},{"start":{"line":154,"column":23},"end":{"line":154,"column":56}},{"start":{"line":154,"column":60},"end":{"line":154,"column":101}}],"line":154},"34":{"loc":{"start":{"line":156,"column":4},"end":{"line":156,"column":37}},"type":"if","locations":[{"start":{"line":156,"column":4},"end":{"line":156,"column":37}},{"start":{},"end":{}}],"line":156},"35":{"loc":{"start":{"line":161,"column":4},"end":{"line":161,"column":63}},"type":"if","locations":[{"start":{"line":161,"column":4},"end":{"line":161,"column":63}},{"start":{},"end":{}}],"line":161},"36":{"loc":{"start":{"line":163,"column":21},"end":{"line":163,"column":80}},"type":"cond-expr","locations":[{"start":{"line":163,"column":51},"end":{"line":163,"column":64}},{"start":{"line":163,"column":67},"end":{"line":163,"column":80}}],"line":163},"37":{"loc":{"start":{"line":164,"column":20},"end":{"line":164,"column":76}},"type":"cond-expr","locations":[{"start":{"line":164,"column":49},"end":{"line":164,"column":61}},{"start":{"line":164,"column":64},"end":{"line":164,"column":76}}],"line":164},"38":{"loc":{"start":{"line":166,"column":4},"end":{"line":168,"column":5}},"type":"if","locations":[{"start":{"line":166,"column":4},"end":{"line":168,"column":5}},{"start":{},"end":{}}],"line":166},"39":{"loc":{"start":{"line":170,"column":20},"end":{"line":170,"column":79}},"type":"cond-expr","locations":[{"start":{"line":170,"column":50},"end":{"line":170,"column":63}},{"start":{"line":170,"column":66},"end":{"line":170,"column":79}}],"line":170},"40":{"loc":{"start":{"line":172,"column":4},"end":{"line":190,"column":5}},"type":"if","locations":[{"start":{"line":172,"column":4},"end":{"line":190,"column":5}},{"start":{},"end":{}}],"line":172},"41":{"loc":{"start":{"line":174,"column":6},"end":{"line":174,"column":66}},"type":"if","locations":[{"start":{"line":174,"column":6},"end":{"line":174,"column":66}},{"start":{},"end":{}}],"line":174},"42":{"loc":{"start":{"line":183,"column":6},"end":{"line":185,"column":7}},"type":"if","locations":[{"start":{"line":183,"column":6},"end":{"line":185,"column":7}},{"start":{},"end":{}}],"line":183},"43":{"loc":{"start":{"line":188,"column":29},"end":{"line":188,"column":66}},"type":"cond-expr","locations":[{"start":{"line":188,"column":48},"end":{"line":188,"column":54}},{"start":{"line":188,"column":57},"end":{"line":188,"column":66}}],"line":188},"44":{"loc":{"start":{"line":193,"column":4},"end":{"line":195,"column":5}},"type":"if","locations":[{"start":{"line":193,"column":4},"end":{"line":195,"column":5}},{"start":{},"end":{}}],"line":193},"45":{"loc":{"start":{"line":197,"column":21},"end":{"line":197,"column":89}},"type":"cond-expr","locations":[{"start":{"line":197,"column":43},"end":{"line":197,"column":49}},{"start":{"line":197,"column":53},"end":{"line":197,"column":88}}],"line":197},"46":{"loc":{"start":{"line":197,"column":53},"end":{"line":197,"column":88}},"type":"cond-expr","locations":[{"start":{"line":197,"column":67},"end":{"line":197,"column":76}},{"start":{"line":197,"column":79},"end":{"line":197,"column":88}}],"line":197}},"s":{"0":3,"1":3,"2":0,"3":0,"4":0,"5":0,"6":0,"7":0,"8":0,"9":0,"10":0,"11":0,"12":0,"13":0,"14":0,"15":0,"16":0,"17":3,"18":0,"19":0,"20":0,"21":0,"22":0,"23":0,"24":0,"25":0,"26":0,"27":0,"28":0,"29":0,"30":0,"31":0,"32":3,"33":0,"34":0,"35":0,"36":0,"37":0,"38":0,"39":0,"40":0,"41":0,"42":0,"43":0,"44":0,"45":0,"46":0,"47":0,"48":0,"49":0,"50":0,"51":0,"52":0,"53":0,"54":0,"55":0,"56":0,"57":0,"58":0,"59":0,"60":0,"61":0,"62":0,"63":0,"64":0,"65":0,"66":0,"67":0,"68":0,"69":0,"70":0,"71":0,"72":0,"73":3,"74":0,"75":0,"76":0,"77":0,"78":0,"79":0,"80":0,"81":0,"82":0,"83":0,"84":0,"85":0,"86":0,"87":0,"88":0,"89":0,"90":0,"91":0,"92":0,"93":0,"94":0,"95":0,"96":0,"97":0,"98":0,"99":0,"100":0,"101":0,"102":0,"103":0,"104":0,"105":0,"106":0,"107":0,"108":0,"109":0,"110":0,"111":0,"112":0,"113":0},"f":{"0":0,"1":0,"2":0,"3":0,"4":0,"5":0,"6":0,"7":0,"8":0,"9":0,"10":0},"b":{"0":[0,0],"1":[0,0],"2":[0,0],"3":[0,0],"4":[0,0],"5":[0,0],"6":[0,0],"7":[0,0],"8":[0,0],"9":[0,0],"10":[0,0],"11":[0,0],"12":[0,0],"13":[0,0],"14":[0,0],"15":[0,0],"16":[0,0],"17":[0,0],"18":[0,0],"19":[0,0],"20":[0,0],"21":[0,0],"22":[0,0],"23":[0,0],"24":[0,0],"25":[0,0],"26":[0,0],"27":[0,0],"28":[0,0],"29":[0,0],"30":[0,0,0],"31":[0,0],"32":[0,0],"33":[0,0,0],"34":[0,0],"35":[0,0],"36":[0,0],"37":[0,0],"38":[0,0],"39":[0,0],"40":[0,0],"41":[0,0],"42":[0,0],"43":[0,0],"44":[0,0],"45":[0,0],"46":[0,0]},"inputSourceMap":null,"_coverageSchema":"1a1c01bbd47fc00a2c39e90264f33305004495a9","hash":"c1f66cfff33bb26ddf43dcceca34ba39de15d5bb"}
,"C:\\Users\\abrao\\OneDrive\\Desktop\\Web\\prime-oil\\server\\utils\\AppError.js": {"path":"C:\\Users\\abrao\\OneDrive\\Desktop\\Web\\prime-oil\\server\\utils\\AppError.js","statementMap":{"0":{"start":{"line":3,"column":4},"end":{"line":3,"column":19}},"1":{"start":{"line":4,"column":4},"end":{"line":4,"column":33}},"2":{"start":{"line":5,"column":4},"end":{"line":5,"column":39}},"3":{"start":{"line":6,"column":4},"end":{"line":6,"column":21}},"4":{"start":{"line":8,"column":4},"end":{"line":8,"column":52}},"5":{"start":{"line":12,"column":4},"end":{"line":12,"column":50}},"6":{"start":{"line":16,"column":4},"end":{"line":16,"column":50}},"7":{"start":{"line":20,"column":4},"end":{"line":20,"column":50}},"8":{"start":{"line":24,"column":4},"end":{"line":24,"column":51}}},"fnMap":{"0":{"name":"(anonymous_0)","decl":{"start":{"line":2,"column":2},"end":{"line":2,"column":3}},"loc":{"start":{"line":2,"column":77},"end":{"line":9,"column":3}},"line":2},"1":{"name":"(anonymous_1)","decl":{"start":{"line":11,"column":2},"end":{"line":11,"column":3}},"loc":{"start":{"line":11,"column":70},"end":{"line":13,"column":3}},"line":11},"2":{"name":"(anonymous_2)","decl":{"start":{"line":15,"column":2},"end":{"line":15,"column":3}},"loc":{"start":{"line":15,"column":66},"end":{"line":17,"column":3}},"line":15},"3":{"name":"(anonymous_3)","decl":{"start":{"line":19,"column":2},"end":{"line":19,"column":3}},"loc":{"start":{"line":19,"column":78},"end":{"line":21,"column":3}},"line":19},"4":{"name":"(anonymous_4)","decl":{"start":{"line":23,"column":2},"end":{"line":23,"column":3}},"loc":{"start":{"line":23,"column":78},"end":{"line":25,"column":3}},"line":23}},"branchMap":{"0":{"loc":{"start":{"line":2,"column":35},"end":{"line":2,"column":53}},"type":"default-arg","locations":[{"start":{"line":2,"column":42},"end":{"line":2,"column":53}}],"line":2},"1":{"loc":{"start":{"line":2,"column":55},"end":{"line":2,"column":75}},"type":"default-arg","locations":[{"start":{"line":2,"column":71},"end":{"line":2,"column":75}}],"line":2},"2":{"loc":{"start":{"line":11,"column":18},"end":{"line":11,"column":48}},"type":"default-arg","locations":[{"start":{"line":11,"column":28},"end":{"line":11,"column":48}}],"line":11},"3":{"loc":{"start":{"line":11,"column":50},"end":{"line":11,"column":68}},"type":"default-arg","locations":[{"start":{"line":11,"column":57},"end":{"line":11,"column":68}}],"line":11},"4":{"loc":{"start":{"line":15,"column":19},"end":{"line":15,"column":44}},"type":"default-arg","locations":[{"start":{"line":15,"column":29},"end":{"line":15,"column":44}}],"line":15},"5":{"loc":{"start":{"line":15,"column":46},"end":{"line":15,"column":64}},"type":"default-arg","locations":[{"start":{"line":15,"column":53},"end":{"line":15,"column":64}}],"line":15},"6":{"loc":{"start":{"line":19,"column":20},"end":{"line":19,"column":49}},"type":"default-arg","locations":[{"start":{"line":19,"column":30},"end":{"line":19,"column":49}}],"line":19},"7":{"loc":{"start":{"line":19,"column":51},"end":{"line":19,"column":76}},"type":"default-arg","locations":[{"start":{"line":19,"column":58},"end":{"line":19,"column":76}}],"line":19},"8":{"loc":{"start":{"line":23,"column":18},"end":{"line":23,"column":51}},"type":"default-arg","locations":[{"start":{"line":23,"column":28},"end":{"line":23,"column":51}}],"line":23},"9":{"loc":{"start":{"line":23,"column":53},"end":{"line":23,"column":76}},"type":"default-arg","locations":[{"start":{"line":23,"column":60},"end":{"line":23,"column":76}}],"line":23}},"s":{"0":0,"1":0,"2":0,"3":0,"4":0,"5":0,"6":0,"7":0,"8":0},"f":{"0":0,"1":0,"2":0,"3":0,"4":0},"b":{"0":[0],"1":[0],"2":[0],"3":[0],"4":[0],"5":[0],"6":[0],"7":[0],"8":[0],"9":[0]},"inputSourceMap":null,"_coverageSchema":"1a1c01bbd47fc00a2c39e90264f33305004495a9","hash":"3e5e23221ac1cb3779d071321647f10b5513b558"}
}
